<?xml version="1.0" encoding="UTF-8"?>
<!-- Generated by org.testng.reporters.JUnitReportReporter -->
<testsuite hostname="P5-H81YXC2" name="org.LKM_Sel_Adv.NewTour" tests="2" failures="0" timestamp="16 May 2018 11:51:54 GMT" time="3.261" errors="0">
  <testcase name="login" time="1.642" classname="org.LKM_Sel_Adv.NewTour"/>
  <testcase name="register" time="1.619" classname="org.LKM_Sel_Adv.NewTour"/>
</testsuite> <!-- org.LKM_Sel_Adv.NewTour -->
