<?xml version="1.0" encoding="UTF-8"?>
<!-- Generated by org.testng.reporters.JUnitReportReporter -->
<testsuite hostname="P5-H81YXC2" name="org.LKM_Sel_Adv.NewTest2" tests="3" failures="0" timestamp="16 May 2018 09:06:55 GMT" time="0.012" errors="0">
  <testcase name="f" time="0.003" classname="org.LKM_Sel_Adv.NewTest2"/>
  <testcase name="f" time="0.002" classname="org.LKM_Sel_Adv.NewTest2"/>
  <testcase name="f" time="0.007" classname="org.LKM_Sel_Adv.NewTest2"/>
</testsuite> <!-- org.LKM_Sel_Adv.NewTest2 -->
